<?xml version="1.0" encoding="UTF-8"?>
<!-- Generated by org.testng.reporters.JUnitXMLReporter -->
<testsuite ignored="0" hostname="DESKTOP-91U7I3P" failures="0" tests="6" name="Test" time="0.1" errors="0" timestamp="2024-03-19T12:31:15 EDT">
  <testcase classname="testngannotation.TestCases2" name="testCase4" time="0.009"/>
  <testcase classname="testngannotation.TestCases2" name="testCase5" time="0.002"/>
  <testcase classname="testngannotation.TestCases2" name="testCase6" time="0.002"/>
  <testcase classname="testngannotation.TestCases" name="testCase1" time="0.002"/>
  <testcase classname="testngannotation.TestCases" name="testCase2" time="0.002"/>
  <testcase classname="testngannotation.TestCases" name="testCase3" time="0.002"/>
</testsuite> <!-- Test -->
